{"timestamp":"2025-11-02T23:17:36.777784Z","level":"info","event":"Filling up the DagBag from /opt/airflow/dags/code.py","logger":"airflow.models.dagbag.DagBag","filename":"dagbag.py","lineno":593}
{"timestamp":"2025-11-02T23:18:09.358013Z","level":"info","event":"Filling up the DagBag from /opt/airflow/dags/code.py","logger":"airflow.models.dagbag.DagBag","filename":"dagbag.py","lineno":593}
{"timestamp":"2025-11-02T23:18:39.866592Z","level":"info","event":"Filling up the DagBag from /opt/airflow/dags/code.py","logger":"airflow.models.dagbag.DagBag","filename":"dagbag.py","lineno":593}
{"timestamp":"2025-11-02T23:19:10.343157Z","level":"info","event":"Filling up the DagBag from /opt/airflow/dags/code.py","logger":"airflow.models.dagbag.DagBag","filename":"dagbag.py","lineno":593}
{"timestamp":"2025-11-02T23:19:40.903429Z","level":"info","event":"Filling up the DagBag from /opt/airflow/dags/code.py","logger":"airflow.models.dagbag.DagBag","filename":"dagbag.py","lineno":593}
{"timestamp":"2025-11-02T23:20:11.388604Z","level":"info","event":"Filling up the DagBag from /opt/airflow/dags/code.py","logger":"airflow.models.dagbag.DagBag","filename":"dagbag.py","lineno":593}
{"timestamp":"2025-11-02T23:20:41.868892Z","level":"info","event":"Filling up the DagBag from /opt/airflow/dags/code.py","logger":"airflow.models.dagbag.DagBag","filename":"dagbag.py","lineno":593}
{"timestamp":"2025-11-02T23:21:12.396336Z","level":"info","event":"Filling up the DagBag from /opt/airflow/dags/code.py","logger":"airflow.models.dagbag.DagBag","filename":"dagbag.py","lineno":593}
{"timestamp":"2025-11-02T23:21:42.869875Z","level":"info","event":"Filling up the DagBag from /opt/airflow/dags/code.py","logger":"airflow.models.dagbag.DagBag","filename":"dagbag.py","lineno":593}
{"timestamp":"2025-11-02T23:22:13.365480Z","level":"info","event":"Filling up the DagBag from /opt/airflow/dags/code.py","logger":"airflow.models.dagbag.DagBag","filename":"dagbag.py","lineno":593}
{"timestamp":"2025-11-02T23:22:43.837594Z","level":"info","event":"Filling up the DagBag from /opt/airflow/dags/code.py","logger":"airflow.models.dagbag.DagBag","filename":"dagbag.py","lineno":593}
{"timestamp":"2025-11-02T23:23:14.346641Z","level":"info","event":"Filling up the DagBag from /opt/airflow/dags/code.py","logger":"airflow.models.dagbag.DagBag","filename":"dagbag.py","lineno":593}
{"timestamp":"2025-11-02T23:23:44.903298Z","level":"info","event":"Filling up the DagBag from /opt/airflow/dags/code.py","logger":"airflow.models.dagbag.DagBag","filename":"dagbag.py","lineno":593}
{"timestamp":"2025-11-02T23:24:15.391091Z","level":"info","event":"Filling up the DagBag from /opt/airflow/dags/code.py","logger":"airflow.models.dagbag.DagBag","filename":"dagbag.py","lineno":593}
{"timestamp":"2025-11-02T23:24:45.862128Z","level":"info","event":"Filling up the DagBag from /opt/airflow/dags/code.py","logger":"airflow.models.dagbag.DagBag","filename":"dagbag.py","lineno":593}
{"timestamp":"2025-11-02T23:25:16.328697Z","level":"info","event":"Filling up the DagBag from /opt/airflow/dags/code.py","logger":"airflow.models.dagbag.DagBag","filename":"dagbag.py","lineno":593}
{"timestamp":"2025-11-02T23:25:46.771461Z","level":"info","event":"Filling up the DagBag from /opt/airflow/dags/code.py","logger":"airflow.models.dagbag.DagBag","filename":"dagbag.py","lineno":593}
{"timestamp":"2025-11-02T23:26:17.203492Z","level":"info","event":"Filling up the DagBag from /opt/airflow/dags/code.py","logger":"airflow.models.dagbag.DagBag","filename":"dagbag.py","lineno":593}
{"timestamp":"2025-11-02T23:26:47.643277Z","level":"info","event":"Filling up the DagBag from /opt/airflow/dags/code.py","logger":"airflow.models.dagbag.DagBag","filename":"dagbag.py","lineno":593}
{"timestamp":"2025-11-02T23:27:18.121620Z","level":"info","event":"Filling up the DagBag from /opt/airflow/dags/code.py","logger":"airflow.models.dagbag.DagBag","filename":"dagbag.py","lineno":593}
{"timestamp":"2025-11-02T23:27:48.545516Z","level":"info","event":"Filling up the DagBag from /opt/airflow/dags/code.py","logger":"airflow.models.dagbag.DagBag","filename":"dagbag.py","lineno":593}
{"timestamp":"2025-11-02T23:28:18.971543Z","level":"info","event":"Filling up the DagBag from /opt/airflow/dags/code.py","logger":"airflow.models.dagbag.DagBag","filename":"dagbag.py","lineno":593}
{"timestamp":"2025-11-02T23:28:49.412451Z","level":"info","event":"Filling up the DagBag from /opt/airflow/dags/code.py","logger":"airflow.models.dagbag.DagBag","filename":"dagbag.py","lineno":593}
{"timestamp":"2025-11-02T23:29:19.894484Z","level":"info","event":"Filling up the DagBag from /opt/airflow/dags/code.py","logger":"airflow.models.dagbag.DagBag","filename":"dagbag.py","lineno":593}
{"timestamp":"2025-11-02T23:29:50.287943Z","level":"info","event":"Filling up the DagBag from /opt/airflow/dags/code.py","logger":"airflow.models.dagbag.DagBag","filename":"dagbag.py","lineno":593}
{"timestamp":"2025-11-02T23:30:20.720737Z","level":"info","event":"Filling up the DagBag from /opt/airflow/dags/code.py","logger":"airflow.models.dagbag.DagBag","filename":"dagbag.py","lineno":593}
{"timestamp":"2025-11-02T23:30:51.125080Z","level":"info","event":"Filling up the DagBag from /opt/airflow/dags/code.py","logger":"airflow.models.dagbag.DagBag","filename":"dagbag.py","lineno":593}
{"timestamp":"2025-11-02T23:31:21.578452Z","level":"info","event":"Filling up the DagBag from /opt/airflow/dags/code.py","logger":"airflow.models.dagbag.DagBag","filename":"dagbag.py","lineno":593}
{"timestamp":"2025-11-02T23:31:52.013665Z","level":"info","event":"Filling up the DagBag from /opt/airflow/dags/code.py","logger":"airflow.models.dagbag.DagBag","filename":"dagbag.py","lineno":593}
{"timestamp":"2025-11-02T23:32:22.462159Z","level":"info","event":"Filling up the DagBag from /opt/airflow/dags/code.py","logger":"airflow.models.dagbag.DagBag","filename":"dagbag.py","lineno":593}
{"timestamp":"2025-11-02T23:32:52.855019Z","level":"info","event":"Filling up the DagBag from /opt/airflow/dags/code.py","logger":"airflow.models.dagbag.DagBag","filename":"dagbag.py","lineno":593}
{"timestamp":"2025-11-02T23:33:23.299961Z","level":"info","event":"Filling up the DagBag from /opt/airflow/dags/code.py","logger":"airflow.models.dagbag.DagBag","filename":"dagbag.py","lineno":593}
{"timestamp":"2025-11-02T23:33:53.748162Z","level":"info","event":"Filling up the DagBag from /opt/airflow/dags/code.py","logger":"airflow.models.dagbag.DagBag","filename":"dagbag.py","lineno":593}
{"timestamp":"2025-11-02T23:34:24.266510Z","level":"info","event":"Filling up the DagBag from /opt/airflow/dags/code.py","logger":"airflow.models.dagbag.DagBag","filename":"dagbag.py","lineno":593}
{"timestamp":"2025-11-02T23:35:44.113496Z","level":"info","event":"Filling up the DagBag from /opt/airflow/dags/code.py","logger":"airflow.models.dagbag.DagBag","filename":"dagbag.py","lineno":593}
{"timestamp":"2025-11-02T23:36:15.869516Z","level":"info","event":"Filling up the DagBag from /opt/airflow/dags/code.py","logger":"airflow.models.dagbag.DagBag","filename":"dagbag.py","lineno":593}
{"timestamp":"2025-11-02T23:36:46.360306Z","level":"info","event":"Filling up the DagBag from /opt/airflow/dags/code.py","logger":"airflow.models.dagbag.DagBag","filename":"dagbag.py","lineno":593}
{"timestamp":"2025-11-02T23:37:16.772151Z","level":"info","event":"Filling up the DagBag from /opt/airflow/dags/code.py","logger":"airflow.models.dagbag.DagBag","filename":"dagbag.py","lineno":593}
{"timestamp":"2025-11-02T23:37:47.218963Z","level":"info","event":"Filling up the DagBag from /opt/airflow/dags/code.py","logger":"airflow.models.dagbag.DagBag","filename":"dagbag.py","lineno":593}
{"timestamp":"2025-11-02T23:38:17.655329Z","level":"info","event":"Filling up the DagBag from /opt/airflow/dags/code.py","logger":"airflow.models.dagbag.DagBag","filename":"dagbag.py","lineno":593}
{"timestamp":"2025-11-02T23:38:48.101956Z","level":"info","event":"Filling up the DagBag from /opt/airflow/dags/code.py","logger":"airflow.models.dagbag.DagBag","filename":"dagbag.py","lineno":593}
{"timestamp":"2025-11-02T23:39:18.590175Z","level":"info","event":"Filling up the DagBag from /opt/airflow/dags/code.py","logger":"airflow.models.dagbag.DagBag","filename":"dagbag.py","lineno":593}
{"timestamp":"2025-11-02T23:39:49.000187Z","level":"info","event":"Filling up the DagBag from /opt/airflow/dags/code.py","logger":"airflow.models.dagbag.DagBag","filename":"dagbag.py","lineno":593}
{"timestamp":"2025-11-02T23:40:19.464694Z","level":"info","event":"Filling up the DagBag from /opt/airflow/dags/code.py","logger":"airflow.models.dagbag.DagBag","filename":"dagbag.py","lineno":593}
{"timestamp":"2025-11-02T23:40:49.866969Z","level":"info","event":"Filling up the DagBag from /opt/airflow/dags/code.py","logger":"airflow.models.dagbag.DagBag","filename":"dagbag.py","lineno":593}
{"timestamp":"2025-11-02T23:41:20.289645Z","level":"info","event":"Filling up the DagBag from /opt/airflow/dags/code.py","logger":"airflow.models.dagbag.DagBag","filename":"dagbag.py","lineno":593}
{"timestamp":"2025-11-02T23:41:50.753818Z","level":"info","event":"Filling up the DagBag from /opt/airflow/dags/code.py","logger":"airflow.models.dagbag.DagBag","filename":"dagbag.py","lineno":593}
{"timestamp":"2025-11-02T23:42:21.368727Z","level":"info","event":"Filling up the DagBag from /opt/airflow/dags/code.py","logger":"airflow.models.dagbag.DagBag","filename":"dagbag.py","lineno":593}
{"timestamp":"2025-11-02T23:42:51.904418Z","level":"info","event":"Filling up the DagBag from /opt/airflow/dags/code.py","logger":"airflow.models.dagbag.DagBag","filename":"dagbag.py","lineno":593}
{"timestamp":"2025-11-02T23:43:22.372132Z","level":"info","event":"Filling up the DagBag from /opt/airflow/dags/code.py","logger":"airflow.models.dagbag.DagBag","filename":"dagbag.py","lineno":593}
{"timestamp":"2025-11-02T23:43:52.821592Z","level":"info","event":"Filling up the DagBag from /opt/airflow/dags/code.py","logger":"airflow.models.dagbag.DagBag","filename":"dagbag.py","lineno":593}
{"timestamp":"2025-11-02T23:44:23.230651Z","level":"info","event":"Filling up the DagBag from /opt/airflow/dags/code.py","logger":"airflow.models.dagbag.DagBag","filename":"dagbag.py","lineno":593}
{"timestamp":"2025-11-02T23:44:45.611683Z","level":"info","event":"Filling up the DagBag from /opt/airflow/dags/code.py","logger":"airflow.models.dagbag.DagBag","filename":"dagbag.py","lineno":593}
{"timestamp":"2025-11-02T23:44:45.642995Z","level":"error","event":"Failed to import: /opt/airflow/dags/code.py","logger":"airflow.models.dagbag.DagBag","filename":"dagbag.py","lineno":415,"error_detail":[{"exc_type":"TypeError","exc_value":"'functools.partial' object does not support the context manager protocol","exc_notes":[],"syntax_error":null,"is_cause":false,"frames":[{"filename":"/home/airflow/.local/lib/python3.12/site-packages/airflow/models/dagbag.py","lineno":405,"name":"parse"},{"filename":"<frozen importlib._bootstrap_external>","lineno":999,"name":"exec_module"},{"filename":"<frozen importlib._bootstrap>","lineno":488,"name":"_call_with_frames_removed"},{"filename":"/opt/airflow/dags/code.py","lineno":200,"name":"<module>"}],"is_group":false,"exceptions":[]}]}
{"timestamp":"2025-11-02T23:44:45.651886Z","level":"warning","event":"The `airflow.decorators.task` attribute is deprecated. Please use `'airflow.sdk.task'`.","category":"DeprecatedImportWarning","filename":"/opt/airflow/dags/code.py","lineno":7,"logger":"py.warnings"}
{"timestamp":"2025-11-02T23:44:45.652364Z","level":"warning","event":"The `airflow.decorators.task_group` attribute is deprecated. Please use `'airflow.sdk.task_group'`.","category":"DeprecatedImportWarning","filename":"/opt/airflow/dags/code.py","lineno":7,"logger":"py.warnings"}
{"timestamp":"2025-11-02T23:45:15.993999Z","level":"info","event":"Filling up the DagBag from /opt/airflow/dags/code.py","logger":"airflow.models.dagbag.DagBag","filename":"dagbag.py","lineno":593}
{"timestamp":"2025-11-02T23:45:16.009564Z","level":"error","event":"Failed to import: /opt/airflow/dags/code.py","logger":"airflow.models.dagbag.DagBag","filename":"dagbag.py","lineno":415,"error_detail":[{"exc_type":"TypeError","exc_value":"'functools.partial' object does not support the context manager protocol","exc_notes":[],"syntax_error":null,"is_cause":false,"frames":[{"filename":"/home/airflow/.local/lib/python3.12/site-packages/airflow/models/dagbag.py","lineno":405,"name":"parse"},{"filename":"<frozen importlib._bootstrap_external>","lineno":999,"name":"exec_module"},{"filename":"<frozen importlib._bootstrap>","lineno":488,"name":"_call_with_frames_removed"},{"filename":"/opt/airflow/dags/code.py","lineno":200,"name":"<module>"}],"is_group":false,"exceptions":[]}]}
{"timestamp":"2025-11-02T23:45:16.011345Z","level":"warning","event":"The `airflow.decorators.task` attribute is deprecated. Please use `'airflow.sdk.task'`.","category":"DeprecatedImportWarning","filename":"/opt/airflow/dags/code.py","lineno":7,"logger":"py.warnings"}
{"timestamp":"2025-11-02T23:45:16.011420Z","level":"warning","event":"The `airflow.decorators.task_group` attribute is deprecated. Please use `'airflow.sdk.task_group'`.","category":"DeprecatedImportWarning","filename":"/opt/airflow/dags/code.py","lineno":7,"logger":"py.warnings"}
{"timestamp":"2025-11-02T23:45:46.304082Z","level":"info","event":"Filling up the DagBag from /opt/airflow/dags/code.py","logger":"airflow.models.dagbag.DagBag","filename":"dagbag.py","lineno":593}
{"timestamp":"2025-11-02T23:45:46.322382Z","level":"error","event":"Failed to import: /opt/airflow/dags/code.py","logger":"airflow.models.dagbag.DagBag","filename":"dagbag.py","lineno":415,"error_detail":[{"exc_type":"TypeError","exc_value":"'functools.partial' object does not support the context manager protocol","exc_notes":[],"syntax_error":null,"is_cause":false,"frames":[{"filename":"/home/airflow/.local/lib/python3.12/site-packages/airflow/models/dagbag.py","lineno":405,"name":"parse"},{"filename":"<frozen importlib._bootstrap_external>","lineno":999,"name":"exec_module"},{"filename":"<frozen importlib._bootstrap>","lineno":488,"name":"_call_with_frames_removed"},{"filename":"/opt/airflow/dags/code.py","lineno":200,"name":"<module>"}],"is_group":false,"exceptions":[]}]}
{"timestamp":"2025-11-02T23:45:46.329017Z","level":"warning","event":"The `airflow.decorators.task` attribute is deprecated. Please use `'airflow.sdk.task'`.","category":"DeprecatedImportWarning","filename":"/opt/airflow/dags/code.py","lineno":7,"logger":"py.warnings"}
{"timestamp":"2025-11-02T23:45:46.329203Z","level":"warning","event":"The `airflow.decorators.task_group` attribute is deprecated. Please use `'airflow.sdk.task_group'`.","category":"DeprecatedImportWarning","filename":"/opt/airflow/dags/code.py","lineno":7,"logger":"py.warnings"}
{"timestamp":"2025-11-02T23:46:16.720939Z","level":"info","event":"Filling up the DagBag from /opt/airflow/dags/code.py","logger":"airflow.models.dagbag.DagBag","filename":"dagbag.py","lineno":593}
{"timestamp":"2025-11-02T23:46:16.742318Z","level":"error","event":"Failed to import: /opt/airflow/dags/code.py","logger":"airflow.models.dagbag.DagBag","filename":"dagbag.py","lineno":415,"error_detail":[{"exc_type":"TypeError","exc_value":"'functools.partial' object does not support the context manager protocol","exc_notes":[],"syntax_error":null,"is_cause":false,"frames":[{"filename":"/home/airflow/.local/lib/python3.12/site-packages/airflow/models/dagbag.py","lineno":405,"name":"parse"},{"filename":"<frozen importlib._bootstrap_external>","lineno":999,"name":"exec_module"},{"filename":"<frozen importlib._bootstrap>","lineno":488,"name":"_call_with_frames_removed"},{"filename":"/opt/airflow/dags/code.py","lineno":200,"name":"<module>"}],"is_group":false,"exceptions":[]}]}
{"timestamp":"2025-11-02T23:46:16.744755Z","level":"warning","event":"The `airflow.decorators.task` attribute is deprecated. Please use `'airflow.sdk.task'`.","category":"DeprecatedImportWarning","filename":"/opt/airflow/dags/code.py","lineno":7,"logger":"py.warnings"}
{"timestamp":"2025-11-02T23:46:16.744823Z","level":"warning","event":"The `airflow.decorators.task_group` attribute is deprecated. Please use `'airflow.sdk.task_group'`.","category":"DeprecatedImportWarning","filename":"/opt/airflow/dags/code.py","lineno":7,"logger":"py.warnings"}
{"timestamp":"2025-11-02T23:46:47.065472Z","level":"info","event":"Filling up the DagBag from /opt/airflow/dags/code.py","logger":"airflow.models.dagbag.DagBag","filename":"dagbag.py","lineno":593}
{"timestamp":"2025-11-02T23:46:47.084876Z","level":"error","event":"Failed to import: /opt/airflow/dags/code.py","logger":"airflow.models.dagbag.DagBag","filename":"dagbag.py","lineno":415,"error_detail":[{"exc_type":"TypeError","exc_value":"'functools.partial' object does not support the context manager protocol","exc_notes":[],"syntax_error":null,"is_cause":false,"frames":[{"filename":"/home/airflow/.local/lib/python3.12/site-packages/airflow/models/dagbag.py","lineno":405,"name":"parse"},{"filename":"<frozen importlib._bootstrap_external>","lineno":999,"name":"exec_module"},{"filename":"<frozen importlib._bootstrap>","lineno":488,"name":"_call_with_frames_removed"},{"filename":"/opt/airflow/dags/code.py","lineno":200,"name":"<module>"}],"is_group":false,"exceptions":[]}]}
{"timestamp":"2025-11-02T23:46:47.087025Z","level":"warning","event":"The `airflow.decorators.task` attribute is deprecated. Please use `'airflow.sdk.task'`.","category":"DeprecatedImportWarning","filename":"/opt/airflow/dags/code.py","lineno":7,"logger":"py.warnings"}
{"timestamp":"2025-11-02T23:46:47.087093Z","level":"warning","event":"The `airflow.decorators.task_group` attribute is deprecated. Please use `'airflow.sdk.task_group'`.","category":"DeprecatedImportWarning","filename":"/opt/airflow/dags/code.py","lineno":7,"logger":"py.warnings"}
{"timestamp":"2025-11-02T23:47:03.287488Z","level":"info","event":"Filling up the DagBag from /opt/airflow/dags/code.py","logger":"airflow.models.dagbag.DagBag","filename":"dagbag.py","lineno":593}
{"timestamp":"2025-11-02T23:47:03.300717Z","level":"error","event":"Failed to import: /opt/airflow/dags/code.py","logger":"airflow.models.dagbag.DagBag","filename":"dagbag.py","lineno":415,"error_detail":[{"exc_type":"TypeError","exc_value":"'functools.partial' object does not support the context manager protocol","exc_notes":[],"syntax_error":null,"is_cause":false,"frames":[{"filename":"/home/airflow/.local/lib/python3.12/site-packages/airflow/models/dagbag.py","lineno":405,"name":"parse"},{"filename":"<frozen importlib._bootstrap_external>","lineno":999,"name":"exec_module"},{"filename":"<frozen importlib._bootstrap>","lineno":488,"name":"_call_with_frames_removed"},{"filename":"/opt/airflow/dags/code.py","lineno":200,"name":"<module>"}],"is_group":false,"exceptions":[]}]}
{"timestamp":"2025-11-02T23:47:03.301947Z","level":"warning","event":"The `airflow.decorators.task` attribute is deprecated. Please use `'airflow.sdk.task'`.","category":"DeprecatedImportWarning","filename":"/opt/airflow/dags/code.py","lineno":7,"logger":"py.warnings"}
{"timestamp":"2025-11-02T23:47:03.302010Z","level":"warning","event":"The `airflow.decorators.task_group` attribute is deprecated. Please use `'airflow.sdk.task_group'`.","category":"DeprecatedImportWarning","filename":"/opt/airflow/dags/code.py","lineno":7,"logger":"py.warnings"}
{"timestamp":"2025-11-02T23:47:33.652343Z","level":"info","event":"Filling up the DagBag from /opt/airflow/dags/code.py","logger":"airflow.models.dagbag.DagBag","filename":"dagbag.py","lineno":593}
{"timestamp":"2025-11-02T23:47:33.668256Z","level":"error","event":"Failed to import: /opt/airflow/dags/code.py","logger":"airflow.models.dagbag.DagBag","filename":"dagbag.py","lineno":415,"error_detail":[{"exc_type":"TypeError","exc_value":"'functools.partial' object does not support the context manager protocol","exc_notes":[],"syntax_error":null,"is_cause":false,"frames":[{"filename":"/home/airflow/.local/lib/python3.12/site-packages/airflow/models/dagbag.py","lineno":405,"name":"parse"},{"filename":"<frozen importlib._bootstrap_external>","lineno":999,"name":"exec_module"},{"filename":"<frozen importlib._bootstrap>","lineno":488,"name":"_call_with_frames_removed"},{"filename":"/opt/airflow/dags/code.py","lineno":200,"name":"<module>"}],"is_group":false,"exceptions":[]}]}
{"timestamp":"2025-11-02T23:47:33.670147Z","level":"warning","event":"The `airflow.decorators.task` attribute is deprecated. Please use `'airflow.sdk.task'`.","category":"DeprecatedImportWarning","filename":"/opt/airflow/dags/code.py","lineno":7,"logger":"py.warnings"}
{"timestamp":"2025-11-02T23:47:33.670205Z","level":"warning","event":"The `airflow.decorators.task_group` attribute is deprecated. Please use `'airflow.sdk.task_group'`.","category":"DeprecatedImportWarning","filename":"/opt/airflow/dags/code.py","lineno":7,"logger":"py.warnings"}
{"timestamp":"2025-11-02T23:48:04.067966Z","level":"info","event":"Filling up the DagBag from /opt/airflow/dags/code.py","logger":"airflow.models.dagbag.DagBag","filename":"dagbag.py","lineno":593}
{"timestamp":"2025-11-02T23:48:04.096400Z","level":"error","event":"Failed to import: /opt/airflow/dags/code.py","logger":"airflow.models.dagbag.DagBag","filename":"dagbag.py","lineno":415,"error_detail":[{"exc_type":"TypeError","exc_value":"'functools.partial' object does not support the context manager protocol","exc_notes":[],"syntax_error":null,"is_cause":false,"frames":[{"filename":"/home/airflow/.local/lib/python3.12/site-packages/airflow/models/dagbag.py","lineno":405,"name":"parse"},{"filename":"<frozen importlib._bootstrap_external>","lineno":999,"name":"exec_module"},{"filename":"<frozen importlib._bootstrap>","lineno":488,"name":"_call_with_frames_removed"},{"filename":"/opt/airflow/dags/code.py","lineno":200,"name":"<module>"}],"is_group":false,"exceptions":[]}]}
{"timestamp":"2025-11-02T23:48:04.101265Z","level":"warning","event":"The `airflow.decorators.task` attribute is deprecated. Please use `'airflow.sdk.task'`.","category":"DeprecatedImportWarning","filename":"/opt/airflow/dags/code.py","lineno":7,"logger":"py.warnings"}
{"timestamp":"2025-11-02T23:48:04.101374Z","level":"warning","event":"The `airflow.decorators.task_group` attribute is deprecated. Please use `'airflow.sdk.task_group'`.","category":"DeprecatedImportWarning","filename":"/opt/airflow/dags/code.py","lineno":7,"logger":"py.warnings"}
{"timestamp":"2025-11-02T23:48:34.478511Z","level":"info","event":"Filling up the DagBag from /opt/airflow/dags/code.py","logger":"airflow.models.dagbag.DagBag","filename":"dagbag.py","lineno":593}
{"timestamp":"2025-11-02T23:48:34.492061Z","level":"error","event":"Failed to import: /opt/airflow/dags/code.py","logger":"airflow.models.dagbag.DagBag","filename":"dagbag.py","lineno":415,"error_detail":[{"exc_type":"TypeError","exc_value":"'functools.partial' object does not support the context manager protocol","exc_notes":[],"syntax_error":null,"is_cause":false,"frames":[{"filename":"/home/airflow/.local/lib/python3.12/site-packages/airflow/models/dagbag.py","lineno":405,"name":"parse"},{"filename":"<frozen importlib._bootstrap_external>","lineno":999,"name":"exec_module"},{"filename":"<frozen importlib._bootstrap>","lineno":488,"name":"_call_with_frames_removed"},{"filename":"/opt/airflow/dags/code.py","lineno":200,"name":"<module>"}],"is_group":false,"exceptions":[]}]}
{"timestamp":"2025-11-02T23:48:34.493555Z","level":"warning","event":"The `airflow.decorators.task` attribute is deprecated. Please use `'airflow.sdk.task'`.","category":"DeprecatedImportWarning","filename":"/opt/airflow/dags/code.py","lineno":7,"logger":"py.warnings"}
{"timestamp":"2025-11-02T23:48:34.493614Z","level":"warning","event":"The `airflow.decorators.task_group` attribute is deprecated. Please use `'airflow.sdk.task_group'`.","category":"DeprecatedImportWarning","filename":"/opt/airflow/dags/code.py","lineno":7,"logger":"py.warnings"}
{"timestamp":"2025-11-02T23:49:04.829398Z","level":"info","event":"Filling up the DagBag from /opt/airflow/dags/code.py","logger":"airflow.models.dagbag.DagBag","filename":"dagbag.py","lineno":593}
{"timestamp":"2025-11-02T23:49:04.843392Z","level":"error","event":"Failed to import: /opt/airflow/dags/code.py","logger":"airflow.models.dagbag.DagBag","filename":"dagbag.py","lineno":415,"error_detail":[{"exc_type":"TypeError","exc_value":"'functools.partial' object does not support the context manager protocol","exc_notes":[],"syntax_error":null,"is_cause":false,"frames":[{"filename":"/home/airflow/.local/lib/python3.12/site-packages/airflow/models/dagbag.py","lineno":405,"name":"parse"},{"filename":"<frozen importlib._bootstrap_external>","lineno":999,"name":"exec_module"},{"filename":"<frozen importlib._bootstrap>","lineno":488,"name":"_call_with_frames_removed"},{"filename":"/opt/airflow/dags/code.py","lineno":200,"name":"<module>"}],"is_group":false,"exceptions":[]}]}
{"timestamp":"2025-11-02T23:49:04.845670Z","level":"warning","event":"The `airflow.decorators.task` attribute is deprecated. Please use `'airflow.sdk.task'`.","category":"DeprecatedImportWarning","filename":"/opt/airflow/dags/code.py","lineno":7,"logger":"py.warnings"}
{"timestamp":"2025-11-02T23:49:04.845759Z","level":"warning","event":"The `airflow.decorators.task_group` attribute is deprecated. Please use `'airflow.sdk.task_group'`.","category":"DeprecatedImportWarning","filename":"/opt/airflow/dags/code.py","lineno":7,"logger":"py.warnings"}
{"timestamp":"2025-11-02T23:49:35.175668Z","level":"info","event":"Filling up the DagBag from /opt/airflow/dags/code.py","logger":"airflow.models.dagbag.DagBag","filename":"dagbag.py","lineno":593}
{"timestamp":"2025-11-02T23:49:35.193903Z","level":"error","event":"Failed to import: /opt/airflow/dags/code.py","logger":"airflow.models.dagbag.DagBag","filename":"dagbag.py","lineno":415,"error_detail":[{"exc_type":"TypeError","exc_value":"'functools.partial' object does not support the context manager protocol","exc_notes":[],"syntax_error":null,"is_cause":false,"frames":[{"filename":"/home/airflow/.local/lib/python3.12/site-packages/airflow/models/dagbag.py","lineno":405,"name":"parse"},{"filename":"<frozen importlib._bootstrap_external>","lineno":999,"name":"exec_module"},{"filename":"<frozen importlib._bootstrap>","lineno":488,"name":"_call_with_frames_removed"},{"filename":"/opt/airflow/dags/code.py","lineno":200,"name":"<module>"}],"is_group":false,"exceptions":[]}]}
{"timestamp":"2025-11-02T23:49:35.196233Z","level":"warning","event":"The `airflow.decorators.task` attribute is deprecated. Please use `'airflow.sdk.task'`.","category":"DeprecatedImportWarning","filename":"/opt/airflow/dags/code.py","lineno":7,"logger":"py.warnings"}
{"timestamp":"2025-11-02T23:49:35.196327Z","level":"warning","event":"The `airflow.decorators.task_group` attribute is deprecated. Please use `'airflow.sdk.task_group'`.","category":"DeprecatedImportWarning","filename":"/opt/airflow/dags/code.py","lineno":7,"logger":"py.warnings"}
{"timestamp":"2025-11-02T23:50:05.598091Z","level":"info","event":"Filling up the DagBag from /opt/airflow/dags/code.py","logger":"airflow.models.dagbag.DagBag","filename":"dagbag.py","lineno":593}
{"timestamp":"2025-11-02T23:50:05.622731Z","level":"error","event":"Failed to import: /opt/airflow/dags/code.py","logger":"airflow.models.dagbag.DagBag","filename":"dagbag.py","lineno":415,"error_detail":[{"exc_type":"TypeError","exc_value":"'functools.partial' object does not support the context manager protocol","exc_notes":[],"syntax_error":null,"is_cause":false,"frames":[{"filename":"/home/airflow/.local/lib/python3.12/site-packages/airflow/models/dagbag.py","lineno":405,"name":"parse"},{"filename":"<frozen importlib._bootstrap_external>","lineno":999,"name":"exec_module"},{"filename":"<frozen importlib._bootstrap>","lineno":488,"name":"_call_with_frames_removed"},{"filename":"/opt/airflow/dags/code.py","lineno":200,"name":"<module>"}],"is_group":false,"exceptions":[]}]}
{"timestamp":"2025-11-02T23:50:05.626703Z","level":"warning","event":"The `airflow.decorators.task` attribute is deprecated. Please use `'airflow.sdk.task'`.","category":"DeprecatedImportWarning","filename":"/opt/airflow/dags/code.py","lineno":7,"logger":"py.warnings"}
{"timestamp":"2025-11-02T23:50:05.626792Z","level":"warning","event":"The `airflow.decorators.task_group` attribute is deprecated. Please use `'airflow.sdk.task_group'`.","category":"DeprecatedImportWarning","filename":"/opt/airflow/dags/code.py","lineno":7,"logger":"py.warnings"}
{"timestamp":"2025-11-02T23:50:35.961962Z","level":"info","event":"Filling up the DagBag from /opt/airflow/dags/code.py","logger":"airflow.models.dagbag.DagBag","filename":"dagbag.py","lineno":593}
{"timestamp":"2025-11-02T23:50:35.973289Z","level":"error","event":"Failed to import: /opt/airflow/dags/code.py","logger":"airflow.models.dagbag.DagBag","filename":"dagbag.py","lineno":415,"error_detail":[{"exc_type":"TypeError","exc_value":"'functools.partial' object does not support the context manager protocol","exc_notes":[],"syntax_error":null,"is_cause":false,"frames":[{"filename":"/home/airflow/.local/lib/python3.12/site-packages/airflow/models/dagbag.py","lineno":405,"name":"parse"},{"filename":"<frozen importlib._bootstrap_external>","lineno":999,"name":"exec_module"},{"filename":"<frozen importlib._bootstrap>","lineno":488,"name":"_call_with_frames_removed"},{"filename":"/opt/airflow/dags/code.py","lineno":200,"name":"<module>"}],"is_group":false,"exceptions":[]}]}
{"timestamp":"2025-11-02T23:50:35.974675Z","level":"warning","event":"The `airflow.decorators.task` attribute is deprecated. Please use `'airflow.sdk.task'`.","category":"DeprecatedImportWarning","filename":"/opt/airflow/dags/code.py","lineno":7,"logger":"py.warnings"}
{"timestamp":"2025-11-02T23:50:35.974743Z","level":"warning","event":"The `airflow.decorators.task_group` attribute is deprecated. Please use `'airflow.sdk.task_group'`.","category":"DeprecatedImportWarning","filename":"/opt/airflow/dags/code.py","lineno":7,"logger":"py.warnings"}
{"timestamp":"2025-11-02T23:51:05.259183Z","level":"info","event":"Filling up the DagBag from /opt/airflow/dags/code.py","logger":"airflow.models.dagbag.DagBag","filename":"dagbag.py","lineno":593}
{"timestamp":"2025-11-02T23:51:05.283839Z","level":"warning","event":"The `airflow.decorators.task` attribute is deprecated. Please use `'airflow.sdk.task'`.","category":"DeprecatedImportWarning","filename":"/opt/airflow/dags/code.py","lineno":10,"logger":"py.warnings"}
{"timestamp":"2025-11-02T23:51:05.283940Z","level":"warning","event":"The `airflow.utils.task_group.TaskGroup` attribute is deprecated. Please use `'airflow.sdk.TaskGroup'`.","category":"DeprecatedImportWarning","filename":"/opt/airflow/dags/code.py","lineno":12,"logger":"py.warnings"}
{"timestamp":"2025-11-02T23:51:35.628225Z","level":"info","event":"Filling up the DagBag from /opt/airflow/dags/code.py","logger":"airflow.models.dagbag.DagBag","filename":"dagbag.py","lineno":593}
{"timestamp":"2025-11-02T23:51:35.650518Z","level":"warning","event":"The `airflow.decorators.task` attribute is deprecated. Please use `'airflow.sdk.task'`.","category":"DeprecatedImportWarning","filename":"/opt/airflow/dags/code.py","lineno":10,"logger":"py.warnings"}
{"timestamp":"2025-11-02T23:51:35.650615Z","level":"warning","event":"The `airflow.utils.task_group.TaskGroup` attribute is deprecated. Please use `'airflow.sdk.TaskGroup'`.","category":"DeprecatedImportWarning","filename":"/opt/airflow/dags/code.py","lineno":12,"logger":"py.warnings"}
{"timestamp":"2025-11-02T23:52:06.089760Z","level":"info","event":"Filling up the DagBag from /opt/airflow/dags/code.py","logger":"airflow.models.dagbag.DagBag","filename":"dagbag.py","lineno":593}
{"timestamp":"2025-11-02T23:52:06.117287Z","level":"warning","event":"The `airflow.decorators.task` attribute is deprecated. Please use `'airflow.sdk.task'`.","category":"DeprecatedImportWarning","filename":"/opt/airflow/dags/code.py","lineno":10,"logger":"py.warnings"}
{"timestamp":"2025-11-02T23:52:06.117576Z","level":"warning","event":"The `airflow.utils.task_group.TaskGroup` attribute is deprecated. Please use `'airflow.sdk.TaskGroup'`.","category":"DeprecatedImportWarning","filename":"/opt/airflow/dags/code.py","lineno":12,"logger":"py.warnings"}
{"timestamp":"2025-11-02T23:52:36.528938Z","level":"info","event":"Filling up the DagBag from /opt/airflow/dags/code.py","logger":"airflow.models.dagbag.DagBag","filename":"dagbag.py","lineno":593}
{"timestamp":"2025-11-02T23:52:36.552588Z","level":"warning","event":"The `airflow.decorators.task` attribute is deprecated. Please use `'airflow.sdk.task'`.","category":"DeprecatedImportWarning","filename":"/opt/airflow/dags/code.py","lineno":10,"logger":"py.warnings"}
{"timestamp":"2025-11-02T23:52:36.552676Z","level":"warning","event":"The `airflow.utils.task_group.TaskGroup` attribute is deprecated. Please use `'airflow.sdk.TaskGroup'`.","category":"DeprecatedImportWarning","filename":"/opt/airflow/dags/code.py","lineno":12,"logger":"py.warnings"}
{"timestamp":"2025-11-02T23:53:06.929987Z","level":"info","event":"Filling up the DagBag from /opt/airflow/dags/code.py","logger":"airflow.models.dagbag.DagBag","filename":"dagbag.py","lineno":593}
{"timestamp":"2025-11-02T23:53:06.950454Z","level":"warning","event":"The `airflow.decorators.task` attribute is deprecated. Please use `'airflow.sdk.task'`.","category":"DeprecatedImportWarning","filename":"/opt/airflow/dags/code.py","lineno":10,"logger":"py.warnings"}
{"timestamp":"2025-11-02T23:53:06.950698Z","level":"warning","event":"The `airflow.utils.task_group.TaskGroup` attribute is deprecated. Please use `'airflow.sdk.TaskGroup'`.","category":"DeprecatedImportWarning","filename":"/opt/airflow/dags/code.py","lineno":12,"logger":"py.warnings"}
{"timestamp":"2025-11-02T23:53:37.343547Z","level":"info","event":"Filling up the DagBag from /opt/airflow/dags/code.py","logger":"airflow.models.dagbag.DagBag","filename":"dagbag.py","lineno":593}
{"timestamp":"2025-11-02T23:53:37.362805Z","level":"warning","event":"The `airflow.decorators.task` attribute is deprecated. Please use `'airflow.sdk.task'`.","category":"DeprecatedImportWarning","filename":"/opt/airflow/dags/code.py","lineno":10,"logger":"py.warnings"}
{"timestamp":"2025-11-02T23:53:37.362878Z","level":"warning","event":"The `airflow.utils.task_group.TaskGroup` attribute is deprecated. Please use `'airflow.sdk.TaskGroup'`.","category":"DeprecatedImportWarning","filename":"/opt/airflow/dags/code.py","lineno":12,"logger":"py.warnings"}
{"timestamp":"2025-11-02T23:54:07.780677Z","level":"info","event":"Filling up the DagBag from /opt/airflow/dags/code.py","logger":"airflow.models.dagbag.DagBag","filename":"dagbag.py","lineno":593}
{"timestamp":"2025-11-02T23:54:07.804837Z","level":"warning","event":"The `airflow.decorators.task` attribute is deprecated. Please use `'airflow.sdk.task'`.","category":"DeprecatedImportWarning","filename":"/opt/airflow/dags/code.py","lineno":10,"logger":"py.warnings"}
{"timestamp":"2025-11-02T23:54:07.805363Z","level":"warning","event":"The `airflow.utils.task_group.TaskGroup` attribute is deprecated. Please use `'airflow.sdk.TaskGroup'`.","category":"DeprecatedImportWarning","filename":"/opt/airflow/dags/code.py","lineno":12,"logger":"py.warnings"}
{"timestamp":"2025-11-02T23:54:38.143914Z","level":"info","event":"Filling up the DagBag from /opt/airflow/dags/code.py","logger":"airflow.models.dagbag.DagBag","filename":"dagbag.py","lineno":593}
{"timestamp":"2025-11-02T23:54:38.160714Z","level":"warning","event":"The `airflow.decorators.task` attribute is deprecated. Please use `'airflow.sdk.task'`.","category":"DeprecatedImportWarning","filename":"/opt/airflow/dags/code.py","lineno":10,"logger":"py.warnings"}
{"timestamp":"2025-11-02T23:54:38.160794Z","level":"warning","event":"The `airflow.utils.task_group.TaskGroup` attribute is deprecated. Please use `'airflow.sdk.TaskGroup'`.","category":"DeprecatedImportWarning","filename":"/opt/airflow/dags/code.py","lineno":12,"logger":"py.warnings"}
{"timestamp":"2025-11-02T23:55:08.555504Z","level":"info","event":"Filling up the DagBag from /opt/airflow/dags/code.py","logger":"airflow.models.dagbag.DagBag","filename":"dagbag.py","lineno":593}
{"timestamp":"2025-11-02T23:55:08.589321Z","level":"warning","event":"The `airflow.decorators.task` attribute is deprecated. Please use `'airflow.sdk.task'`.","category":"DeprecatedImportWarning","filename":"/opt/airflow/dags/code.py","lineno":10,"logger":"py.warnings"}
{"timestamp":"2025-11-02T23:55:08.589428Z","level":"warning","event":"The `airflow.utils.task_group.TaskGroup` attribute is deprecated. Please use `'airflow.sdk.TaskGroup'`.","category":"DeprecatedImportWarning","filename":"/opt/airflow/dags/code.py","lineno":12,"logger":"py.warnings"}
{"timestamp":"2025-11-02T23:55:38.984450Z","level":"info","event":"Filling up the DagBag from /opt/airflow/dags/code.py","logger":"airflow.models.dagbag.DagBag","filename":"dagbag.py","lineno":593}
{"timestamp":"2025-11-02T23:55:38.998985Z","level":"warning","event":"The `airflow.decorators.task` attribute is deprecated. Please use `'airflow.sdk.task'`.","category":"DeprecatedImportWarning","filename":"/opt/airflow/dags/code.py","lineno":10,"logger":"py.warnings"}
{"timestamp":"2025-11-02T23:55:38.999065Z","level":"warning","event":"The `airflow.utils.task_group.TaskGroup` attribute is deprecated. Please use `'airflow.sdk.TaskGroup'`.","category":"DeprecatedImportWarning","filename":"/opt/airflow/dags/code.py","lineno":12,"logger":"py.warnings"}
{"timestamp":"2025-11-02T23:56:09.379276Z","level":"info","event":"Filling up the DagBag from /opt/airflow/dags/code.py","logger":"airflow.models.dagbag.DagBag","filename":"dagbag.py","lineno":593}
{"timestamp":"2025-11-02T23:56:09.398383Z","level":"warning","event":"The `airflow.decorators.task` attribute is deprecated. Please use `'airflow.sdk.task'`.","category":"DeprecatedImportWarning","filename":"/opt/airflow/dags/code.py","lineno":10,"logger":"py.warnings"}
{"timestamp":"2025-11-02T23:56:09.398461Z","level":"warning","event":"The `airflow.utils.task_group.TaskGroup` attribute is deprecated. Please use `'airflow.sdk.TaskGroup'`.","category":"DeprecatedImportWarning","filename":"/opt/airflow/dags/code.py","lineno":12,"logger":"py.warnings"}
{"timestamp":"2025-11-02T23:57:40.053223Z","level":"info","event":"Filling up the DagBag from /opt/airflow/dags/code.py","logger":"airflow.models.dagbag.DagBag","filename":"dagbag.py","lineno":593}
{"timestamp":"2025-11-02T23:57:40.091322Z","level":"warning","event":"The `airflow.decorators.task` attribute is deprecated. Please use `'airflow.sdk.task'`.","category":"DeprecatedImportWarning","filename":"/opt/airflow/dags/code.py","lineno":10,"logger":"py.warnings"}
{"timestamp":"2025-11-02T23:57:40.091424Z","level":"warning","event":"The `airflow.utils.task_group.TaskGroup` attribute is deprecated. Please use `'airflow.sdk.TaskGroup'`.","category":"DeprecatedImportWarning","filename":"/opt/airflow/dags/code.py","lineno":12,"logger":"py.warnings"}
{"timestamp":"2025-11-02T23:58:12.150587Z","level":"info","event":"Filling up the DagBag from /opt/airflow/dags/code.py","logger":"airflow.models.dagbag.DagBag","filename":"dagbag.py","lineno":593}
{"timestamp":"2025-11-02T23:58:12.173290Z","level":"warning","event":"The `airflow.decorators.task` attribute is deprecated. Please use `'airflow.sdk.task'`.","category":"DeprecatedImportWarning","filename":"/opt/airflow/dags/code.py","lineno":10,"logger":"py.warnings"}
{"timestamp":"2025-11-02T23:58:12.173785Z","level":"warning","event":"The `airflow.utils.task_group.TaskGroup` attribute is deprecated. Please use `'airflow.sdk.TaskGroup'`.","category":"DeprecatedImportWarning","filename":"/opt/airflow/dags/code.py","lineno":12,"logger":"py.warnings"}
{"timestamp":"2025-11-02T23:58:42.571572Z","level":"info","event":"Filling up the DagBag from /opt/airflow/dags/code.py","logger":"airflow.models.dagbag.DagBag","filename":"dagbag.py","lineno":593}
{"timestamp":"2025-11-02T23:58:42.596683Z","level":"warning","event":"The `airflow.decorators.task` attribute is deprecated. Please use `'airflow.sdk.task'`.","category":"DeprecatedImportWarning","filename":"/opt/airflow/dags/code.py","lineno":10,"logger":"py.warnings"}
{"timestamp":"2025-11-02T23:58:42.597073Z","level":"warning","event":"The `airflow.utils.task_group.TaskGroup` attribute is deprecated. Please use `'airflow.sdk.TaskGroup'`.","category":"DeprecatedImportWarning","filename":"/opt/airflow/dags/code.py","lineno":12,"logger":"py.warnings"}
{"timestamp":"2025-11-02T23:59:12.964559Z","level":"info","event":"Filling up the DagBag from /opt/airflow/dags/code.py","logger":"airflow.models.dagbag.DagBag","filename":"dagbag.py","lineno":593}
{"timestamp":"2025-11-02T23:59:12.982856Z","level":"warning","event":"The `airflow.decorators.task` attribute is deprecated. Please use `'airflow.sdk.task'`.","category":"DeprecatedImportWarning","filename":"/opt/airflow/dags/code.py","lineno":10,"logger":"py.warnings"}
{"timestamp":"2025-11-02T23:59:12.983093Z","level":"warning","event":"The `airflow.utils.task_group.TaskGroup` attribute is deprecated. Please use `'airflow.sdk.TaskGroup'`.","category":"DeprecatedImportWarning","filename":"/opt/airflow/dags/code.py","lineno":12,"logger":"py.warnings"}
{"timestamp":"2025-11-02T23:59:43.341626Z","level":"info","event":"Filling up the DagBag from /opt/airflow/dags/code.py","logger":"airflow.models.dagbag.DagBag","filename":"dagbag.py","lineno":593}
{"timestamp":"2025-11-02T23:59:43.361888Z","level":"warning","event":"The `airflow.decorators.task` attribute is deprecated. Please use `'airflow.sdk.task'`.","category":"DeprecatedImportWarning","filename":"/opt/airflow/dags/code.py","lineno":10,"logger":"py.warnings"}
{"timestamp":"2025-11-02T23:59:43.361963Z","level":"warning","event":"The `airflow.utils.task_group.TaskGroup` attribute is deprecated. Please use `'airflow.sdk.TaskGroup'`.","category":"DeprecatedImportWarning","filename":"/opt/airflow/dags/code.py","lineno":12,"logger":"py.warnings"}
